  正在验证源
  正在将源远程复制到“101.37.21.203”
  正在验证体系结构
  正在验证体系结构
  正在启动远程生成
  正在编译源:
  CurrentThread.cc
E:\WorkData\test\ConsoleApplication2\ConsoleApplication2\base\CurrentThread.cc(13,38): error : ideal/base/CurrentThread.h: No such file or directory
E:\WorkData\test\ConsoleApplication2\ConsoleApplication2\base\CurrentThread.cc(13,38): error : compilation terminated.
  Date.cc
E:\WorkData\test\ConsoleApplication2\ConsoleApplication2\base\Date.cc(13,29): error : ideal/base/Date.h: No such file or directory
E:\WorkData\test\ConsoleApplication2\ConsoleApplication2\base\Date.cc(13,29): error : compilation terminated.
  Exception.cc
  FileUtil.cc
E:\WorkData\test\ConsoleApplication2\ConsoleApplication2\base\FileUtil.cc(13,33): error : ideal/base/FileUtil.h: No such file or directory
E:\WorkData\test\ConsoleApplication2\ConsoleApplication2\base\FileUtil.cc(13,33): error : compilation terminated.
  LogFile.cc
E:\WorkData\test\ConsoleApplication2\ConsoleApplication2\base\LogFile.cc(13,32): error : ideal/base/LogFile.h: No such file or directory
E:\WorkData\test\ConsoleApplication2\ConsoleApplication2\base\LogFile.cc(13,32): error : compilation terminated.
  Logger.cc
E:\WorkData\test\ConsoleApplication2\ConsoleApplication2\base\Logger.cc(13,31): error : ideal/base/Logger.h: No such file or directory
E:\WorkData\test\ConsoleApplication2\ConsoleApplication2\base\Logger.cc(13,31): error : compilation terminated.
  LogStream.cc
E:\WorkData\test\ConsoleApplication2\ConsoleApplication2\base\LogStream.cc(13,34): error : ideal/base/LogStream.h: No such file or directory
E:\WorkData\test\ConsoleApplication2\ConsoleApplication2\base\LogStream.cc(13,34): error : compilation terminated.
  ProcessInfo.cc
E:\WorkData\test\ConsoleApplication2\ConsoleApplication2\base\ProcessInfo.cc(13,36): error : ideal/base/ProcessInfo.h: No such file or directory
E:\WorkData\test\ConsoleApplication2\ConsoleApplication2\base\ProcessInfo.cc(13,36): error : compilation terminated.
  Thread.cc
g++ : error : cannot specify -o with -c, -S or -E with multiple files
g++ : error : compilation terminated.
  ThreadPool.cc
E:\WorkData\test\ConsoleApplication2\ConsoleApplication2\base\ThreadPool.cc(13,35): error : ideal/base/ThreadPool.h: No such file or directory
E:\WorkData\test\ConsoleApplication2\ConsoleApplication2\base\ThreadPool.cc(13,35): error : compilation terminated.
  Timestamp.cc
g++ : error : cannot specify -o with -c, -S or -E with multiple files
g++ : error : compilation terminated.
  TimeZone.cc
E:\WorkData\test\ConsoleApplication2\ConsoleApplication2\base\TimeZone.cc(13,36): error : ideal/base/NonCopyable.h: No such file or directory
E:\WorkData\test\ConsoleApplication2\ConsoleApplication2\base\TimeZone.cc(13,36): error : compilation terminated.
  Channel.cpp
  EventLoop.cpp
  EventLoopThread.cpp
E:\WorkData\test\ConsoleApplication2\ConsoleApplication2\EventLoopThread.h(34,16): warning : ‘EventLoopThread::thread_’ will be initialized after [-Wreorder]
E:\WorkData\test\ConsoleApplication2\ConsoleApplication2\EventLoopThread.h(30,13): warning : ‘std::mutex EventLoopThread::mutex_’ [-Wreorder]
E:\WorkData\test\ConsoleApplication2\ConsoleApplication2\EventLoopThread.cpp(7,1): warning : when initialized here [-Wreorder]
E:\WorkData\test\ConsoleApplication2\ConsoleApplication2\EventLoopThread.cpp(38,60): error : no matching function for call to ‘std::condition_variable::wait(std::lock_guard<std::mutex>&, EventLoopThread::startLoop()::<lambda()>)’
E:\WorkData\test\ConsoleApplication2\ConsoleApplication2\EventLoopThread.cpp(38,60): error :    condition_.wait(lg, [this]() { return loop_ != nullptr; });
E:\WorkData\test\ConsoleApplication2\ConsoleApplication2\EventLoopThread.cpp(38,60): error :                                                             ^
/usr/include/c++/5/condition_variable(91,5): message : candidate: void std::condition_variable::wait(std::unique_lock<std::mutex>&)
/usr/include/c++/5/condition_variable(91,5): message :      wait(unique_lock<mutex>& __lock);
/usr/include/c++/5/condition_variable(91,5): message :      ^
/usr/include/c++/5/condition_variable(91,5): message : candidate expects 1 argument, 2 provided
/usr/include/c++/5/condition_variable(95,7): message : candidate: template<class _Predicate> void std::condition_variable::wait(std::unique_lock<std::mutex>&, _Predicate)
/usr/include/c++/5/condition_variable(95,7): message :        wait(unique_lock<mutex>& __lock, _Predicate __p)
/usr/include/c++/5/condition_variable(95,7): message :        ^
/usr/include/c++/5/condition_variable(95,7): message : template argument deduction/substitution failed:
E:\WorkData\test\ConsoleApplication2\ConsoleApplication2\EventLoopThread.cpp(38,60): message : cannot convert ‘lg’ (type ‘std::lock_guard<std::mutex>’) to type ‘std::unique_lock<std::mutex>&’
E:\WorkData\test\ConsoleApplication2\ConsoleApplication2\EventLoopThread.cpp(38,60): message :    condition_.wait(lg, [this]() { return loop_ != nullptr; });
E:\WorkData\test\ConsoleApplication2\ConsoleApplication2\EventLoopThread.cpp(38,60): message :                                                             ^
  main.cpp
  Poller.cpp
  TimerQueue.cpp
